<?xml version="1.0" encoding="UTF-8"?>
<!-- Generated by org.testng.reporters.JUnitReportReporter -->
<testsuite hostname="DESKTOP-A8NLMHK" failures="0" tests="1" name="testNG.AssertionInTestNG" time="13.223" errors="0" timestamp="2024-10-07T19:37:55 IST" skipped="0">
  <testcase classname="testNG.AssertionInTestNG" name="AssertDemo" time="13.223"/>
</testsuite> <!-- testNG.AssertionInTestNG -->
