<?xml version="1.0" encoding="UTF-8"?>
<!-- Generated by org.testng.reporters.JUnitReportReporter -->
<testsuite hostname="DESKTOP-A8NLMHK" failures="0" tests="4" name="testNG.TestingOnAnnotation" time="15.885" errors="0" timestamp="2024-10-02T19:58:13 IST" skipped="0">
  <testcase classname="testNG.TestingOnAnnotation" name="Login" time="2.687"/>
  <testcase classname="testNG.TestingOnAnnotation" name="Login" time="4.018"/>
  <testcase classname="testNG.TestingOnAnnotation" name="SalesQuotationEntry" time="4.562"/>
  <testcase classname="testNG.TestingOnAnnotation" name="SalesQuotationEntry" time="4.618"/>
</testsuite> <!-- testNG.TestingOnAnnotation -->
