<?xml version="1.0" encoding="UTF-8"?>
<!-- Generated by org.testng.reporters.JUnitReportReporter -->
<testsuite hostname="DESKTOP-A8NLMHK" failures="0" tests="1" name="testNG.CustomizedReportEmailableReport" time="8.763" errors="0" timestamp="2024-10-09T18:47:45 IST" skipped="0">
  <testcase classname="testNG.CustomizedReportEmailableReport" name="Frontaccounting" time="8.763">
    <system-out>
      <![CDATA[Chrome Browser Has been launch
Chrome Browser Has been Redirected to this FrontAccounting demo site
User login successfully
User logout successfully]]>
    </system-out>
  </testcase> <!-- Frontaccounting -->
  <system-out>
    <![CDATA[Chrome Browser Has been launch
Chrome Browser Has been Redirected to this FrontAccounting demo site
User login successfully
User logout successfully]]>
  </system-out>
</testsuite> <!-- testNG.CustomizedReportEmailableReport -->
