<?xml version="1.0" encoding="UTF-8"?>
<!-- Generated by org.testng.reporters.JUnitReportReporter -->
<testsuite hostname="DESKTOP-A8NLMHK" failures="0" tests="4" name="testNG.TestingOnAnnotation" time="20.267" errors="0" timestamp="2024-10-23T19:06:11 IST" skipped="0">
  <testcase classname="testNG.TestingOnAnnotation" name="Login" time="5.817"/>
  <testcase classname="testNG.TestingOnAnnotation" name="Login" time="6.936"/>
  <testcase classname="testNG.TestingOnAnnotation" name="SalesQuotationEntry" time="3.758"/>
  <testcase classname="testNG.TestingOnAnnotation" name="SalesQuotationEntry" time="3.756"/>
</testsuite> <!-- testNG.TestingOnAnnotation -->
